{
    "subscription": null,
    "hash": "2d532a8de902a87d58527f3593c5ea33cad00e86",
    "gateway_id": "5",
    "auto_redirect": true
}"test 0""test 1""test 2"{}"test 3""paylane processTransaction""get request"{
    "bb_gateway_id": "5",
    "bb_invoice_id": "32",
    "status": "PERFORMED",
    "amount": "11.99",
    "currency": "USD",
    "description": "TR001",
    "hash": "3abf5138105035b37303450de69947a48473d8aa",
    "id_sale": "15666403"
}"get ipn"{
    "status": "PERFORMED",
    "amount": "11.99",
    "currency": "USD",
    "description": "TR001",
    "hash": "3abf5138105035b37303450de69947a48473d8aa",
    "id_sale": "15666403"
}"get tx"{
    "id": "22",
    "invoice_id": "32",
    "txn_id": null,
    "txn_status": null,
    "gateway_id": "5",
    "gateway": "Paylane",
    "amount": null,
    "currency": null,
    "type": null,
    "status": "received",
    "ip": "::1",
    "validate_ipn": "1",
    "error": null,
    "error_code": null,
    "note": null,
    "created_at": "2019-12-18 17:41:17",
    "updated_at": "2019-12-18 17:41:17",
    "ipn": {
        "get": {
            "bb_gateway_id": "5",
            "bb_invoice_id": "32"
        },
        "post": {
            "status": "PERFORMED",
            "amount": "11.99",
            "currency": "USD",
            "description": "TR001",
            "hash": "3abf5138105035b37303450de69947a48473d8aa",
            "id_sale": "15666403"
        },
        "http_raw_post_data": "status=PERFORMED&amount=11.99&currency=USD&description=TR001&hash=3abf5138105035b37303450de69947a48473d8aa&id_sale=15666403",
        "server": {
            "MIBDIRS": "C:\/xampp 5.6\/php\/extras\/mibs",
            "MYSQL_HOME": "\\xampp\\mysql\\bin",
            "OPENSSL_CONF": "C:\/xampp 5.6\/apache\/bin\/openssl.cnf",
            "PHP_PEAR_SYSCONF_DIR": "\\xampp\\php",
            "PHPRC": "\\xampp\\php",
            "TMP": "\\xampp\\tmp",
            "HTTP_HOST": "localhost",
            "HTTP_CONNECTION": "keep-alive",
            "CONTENT_LENGTH": "123",
            "HTTP_CACHE_CONTROL": "max-age=0",
            "HTTP_UPGRADE_INSECURE_REQUESTS": "1",
            "HTTP_ORIGIN": "null",
            "CONTENT_TYPE": "application\/x-www-form-urlencoded",
            "HTTP_USER_AGENT": "Mozilla\/5.0 (Windows NT 10.0; Win64; x64) AppleWebKit\/537.36 (KHTML, like Gecko) Chrome\/79.0.3945.79 Safari\/537.36",
            "HTTP_ACCEPT": "text\/html,application\/xhtml+xml,application\/xml;q=0.9,image\/webp,image\/apng,*\/*;q=0.8,application\/signed-exchange;v=b3;q=0.9",
            "HTTP_SEC_FETCH_SITE": "cross-site",
            "HTTP_SEC_FETCH_MODE": "navigate",
            "HTTP_ACCEPT_ENCODING": "gzip, deflate, br",
            "HTTP_ACCEPT_LANGUAGE": "en-US,en;q=0.9",
            "HTTP_COOKIE": "BOXSID=tab7u82n6oouqrre8dmbk14vf1; PHPSESSID=vkr4jclri7lhb8enf2kvhu4oe4",
            "PATH": "C:\\Program Files (x86)\\Common Files\\Oracle\\Java\\javapath;C:\\Windows\\system32;C:\\Windows;C:\\Windows\\System32\\Wbem;C:\\Windows\\System32\\WindowsPowerShell\\v1.0\\;C:\\Windows\\System32\\OpenSSH\\;C:\\Program Files\\Git\\cmd;C:\\xampp 7\\php;C:\\ProgramData\\ComposerSetup\\bin;C:\\Program Files\\nodejs\\;C:\\Users\\Oky\\AppData\\Local\\Android\\Sdk\\platform-tools;C:\\Program Files\\Java\\jdk1.8.0_211\\bin;C:\\Program Files (x86)\\Yarn\\bin\\;C:\\Users\\Oky\\Anaconda3;C:\\Users\\Oky\\Anaconda3\\Library\\mingw-w64\\bin;C:\\Users\\Oky\\Anaconda3\\Library\\usr\\bin;C:\\Users\\Oky\\Anaconda3\\Library\\bin;C:\\Users\\Oky\\Anaconda3\\Scripts;C:\\Users\\Oky\\AppData\\Local\\Microsoft\\WindowsApps;C:\\Users\\Oky\\AppData\\Local\\Programs\\Microsoft VS Code\\bin;C:\\Users\\Oky\\AppData\\Roaming\\Composer\\vendor\\bin;C:\\Users\\Oky\\AppData\\Roaming\\npm;C:\\Users\\Oky\\AppData\\Local\\Android\\Sdk\\platform-tools;C:\\Users\\Oky\\AppData\\Local\\Yarn\\bin;C:\\Program Files\\JetBrains\\PhpStorm 2018.3.3\\bin;",
            "SystemRoot": "C:\\Windows",
            "COMSPEC": "C:\\Windows\\system32\\cmd.exe",
            "PATHEXT": ".COM;.EXE;.BAT;.CMD;.VBS;.VBE;.JS;.JSE;.WSF;.WSH;.MSC",
            "WINDIR": "C:\\Windows",
            "SERVER_SIGNATURE": "<address>Apache\/2.4.33 (Win32) OpenSSL\/1.0.2o PHP\/5.6.36 Server at localhost Port 80<\/address>\n",
            "SERVER_SOFTWARE": "Apache\/2.4.33 (Win32) OpenSSL\/1.0.2o PHP\/5.6.36",
            "SERVER_NAME": "localhost",
            "SERVER_ADDR": "::1",
            "SERVER_PORT": "80",
            "REMOTE_ADDR": "::1",
            "DOCUMENT_ROOT": "C:\/xampp 5.6\/htdocs",
            "REQUEST_SCHEME": "http",
            "CONTEXT_PREFIX": "",
            "CONTEXT_DOCUMENT_ROOT": "C:\/xampp 5.6\/htdocs",
            "SERVER_ADMIN": "localhost",
            "SCRIPT_FILENAME": "C:\/xampp 5.6\/htdocs\/BoxBilling\/bb-ipn.php",
            "REMOTE_PORT": "62752",
            "GATEWAY_INTERFACE": "CGI\/1.1",
            "SERVER_PROTOCOL": "HTTP\/1.1",
            "REQUEST_METHOD": "POST",
            "QUERY_STRING": "bb_gateway_id=5&bb_invoice_id=32",
            "REQUEST_URI": "\/boxbilling\/bb-ipn.php?bb_gateway_id=5&bb_invoice_id=32",
            "SCRIPT_NAME": "\/boxbilling\/bb-ipn.php",
            "PHP_SELF": "\/boxbilling\/bb-ipn.php",
            "REQUEST_TIME_FLOAT": 1576690877.877,
            "REQUEST_TIME": 1576690877
        }
    }
}"check valid"4{
    "subscription": null,
    "hash": "2d532a8de902a87d58527f3593c5ea33cad00e86",
    "gateway_id": "5",
    "auto_redirect": true
}"test 0""test 1""test 2"{}"test 3""paylane processTransaction""get request"{
    "bb_gateway_id": "5",
    "bb_invoice_id": "32",
    "status": "PERFORMED",
    "amount": "11.99",
    "currency": "USD",
    "description": "TR001",
    "hash": "3cfc6eb1759a120c22097aec8c81a6fd6b9a88be",
    "id_sale": "15666420"
}"get ipn"{
    "status": "PERFORMED",
    "amount": "11.99",
    "currency": "USD",
    "description": "TR001",
    "hash": "3cfc6eb1759a120c22097aec8c81a6fd6b9a88be",
    "id_sale": "15666420"
}"get tx"{
    "id": "23",
    "invoice_id": "32",
    "txn_id": null,
    "txn_status": null,
    "gateway_id": "5",
    "gateway": "Paylane",
    "amount": null,
    "currency": null,
    "type": null,
    "status": "received",
    "ip": "::1",
    "validate_ipn": "1",
    "error": null,
    "error_code": null,
    "note": null,
    "created_at": "2019-12-18 17:43:33",
    "updated_at": "2019-12-18 17:43:33",
    "ipn": {
        "get": {
            "bb_gateway_id": "5",
            "bb_invoice_id": "32"
        },
        "post": {
            "status": "PERFORMED",
            "amount": "11.99",
            "currency": "USD",
            "description": "TR001",
            "hash": "3cfc6eb1759a120c22097aec8c81a6fd6b9a88be",
            "id_sale": "15666420"
        },
        "http_raw_post_data": "status=PERFORMED&amount=11.99&currency=USD&description=TR001&hash=3cfc6eb1759a120c22097aec8c81a6fd6b9a88be&id_sale=15666420",
        "server": {
            "MIBDIRS": "C:\/xampp 5.6\/php\/extras\/mibs",
            "MYSQL_HOME": "\\xampp\\mysql\\bin",
            "OPENSSL_CONF": "C:\/xampp 5.6\/apache\/bin\/openssl.cnf",
            "PHP_PEAR_SYSCONF_DIR": "\\xampp\\php",
            "PHPRC": "\\xampp\\php",
            "TMP": "\\xampp\\tmp",
            "HTTP_HOST": "localhost",
            "HTTP_CONNECTION": "keep-alive",
            "CONTENT_LENGTH": "123",
            "HTTP_CACHE_CONTROL": "max-age=0",
            "HTTP_UPGRADE_INSECURE_REQUESTS": "1",
            "HTTP_ORIGIN": "null",
            "CONTENT_TYPE": "application\/x-www-form-urlencoded",
            "HTTP_USER_AGENT": "Mozilla\/5.0 (Windows NT 10.0; Win64; x64) AppleWebKit\/537.36 (KHTML, like Gecko) Chrome\/79.0.3945.79 Safari\/537.36",
            "HTTP_ACCEPT": "text\/html,application\/xhtml+xml,application\/xml;q=0.9,image\/webp,image\/apng,*\/*;q=0.8,application\/signed-exchange;v=b3;q=0.9",
            "HTTP_SEC_FETCH_SITE": "cross-site",
            "HTTP_SEC_FETCH_MODE": "navigate",
            "HTTP_ACCEPT_ENCODING": "gzip, deflate, br",
            "HTTP_ACCEPT_LANGUAGE": "en-US,en;q=0.9",
            "HTTP_COOKIE": "BOXSID=tab7u82n6oouqrre8dmbk14vf1; PHPSESSID=vkr4jclri7lhb8enf2kvhu4oe4",
            "PATH": "C:\\Program Files (x86)\\Common Files\\Oracle\\Java\\javapath;C:\\Windows\\system32;C:\\Windows;C:\\Windows\\System32\\Wbem;C:\\Windows\\System32\\WindowsPowerShell\\v1.0\\;C:\\Windows\\System32\\OpenSSH\\;C:\\Program Files\\Git\\cmd;C:\\xampp 7\\php;C:\\ProgramData\\ComposerSetup\\bin;C:\\Program Files\\nodejs\\;C:\\Users\\Oky\\AppData\\Local\\Android\\Sdk\\platform-tools;C:\\Program Files\\Java\\jdk1.8.0_211\\bin;C:\\Program Files (x86)\\Yarn\\bin\\;C:\\Users\\Oky\\Anaconda3;C:\\Users\\Oky\\Anaconda3\\Library\\mingw-w64\\bin;C:\\Users\\Oky\\Anaconda3\\Library\\usr\\bin;C:\\Users\\Oky\\Anaconda3\\Library\\bin;C:\\Users\\Oky\\Anaconda3\\Scripts;C:\\Users\\Oky\\AppData\\Local\\Microsoft\\WindowsApps;C:\\Users\\Oky\\AppData\\Local\\Programs\\Microsoft VS Code\\bin;C:\\Users\\Oky\\AppData\\Roaming\\Composer\\vendor\\bin;C:\\Users\\Oky\\AppData\\Roaming\\npm;C:\\Users\\Oky\\AppData\\Local\\Android\\Sdk\\platform-tools;C:\\Users\\Oky\\AppData\\Local\\Yarn\\bin;C:\\Program Files\\JetBrains\\PhpStorm 2018.3.3\\bin;",
            "SystemRoot": "C:\\Windows",
            "COMSPEC": "C:\\Windows\\system32\\cmd.exe",
            "PATHEXT": ".COM;.EXE;.BAT;.CMD;.VBS;.VBE;.JS;.JSE;.WSF;.WSH;.MSC",
            "WINDIR": "C:\\Windows",
            "SERVER_SIGNATURE": "<address>Apache\/2.4.33 (Win32) OpenSSL\/1.0.2o PHP\/5.6.36 Server at localhost Port 80<\/address>\n",
            "SERVER_SOFTWARE": "Apache\/2.4.33 (Win32) OpenSSL\/1.0.2o PHP\/5.6.36",
            "SERVER_NAME": "localhost",
            "SERVER_ADDR": "::1",
            "SERVER_PORT": "80",
            "REMOTE_ADDR": "::1",
            "DOCUMENT_ROOT": "C:\/xampp 5.6\/htdocs",
            "REQUEST_SCHEME": "http",
            "CONTEXT_PREFIX": "",
            "CONTEXT_DOCUMENT_ROOT": "C:\/xampp 5.6\/htdocs",
            "SERVER_ADMIN": "localhost",
            "SCRIPT_FILENAME": "C:\/xampp 5.6\/htdocs\/BoxBilling\/bb-ipn.php",
            "REMOTE_PORT": "62880",
            "GATEWAY_INTERFACE": "CGI\/1.1",
            "SERVER_PROTOCOL": "HTTP\/1.1",
            "REQUEST_METHOD": "POST",
            "QUERY_STRING": "bb_gateway_id=5&bb_invoice_id=32",
            "REQUEST_URI": "\/boxbilling\/bb-ipn.php?bb_gateway_id=5&bb_invoice_id=32",
            "SCRIPT_NAME": "\/boxbilling\/bb-ipn.php",
            "PHP_SELF": "\/boxbilling\/bb-ipn.php",
            "REQUEST_TIME_FLOAT": 1576691013.1,
            "REQUEST_TIME": 1576691013
        }
    }
}"check valid"4"finish paylane processTransaction"