{
    "item_name": "Payment for invoice BOX00032 [Domain wtf.com registration]",
    "item_number": "32",
    "no_shipping": "1",
    "no_note": "1",
    "currency_code": "USD",
    "return": "http:\/\/localhost\/boxbilling\/index.php?_url=\/invoice\/2d532a8de902a87d58527f3593c5ea33cad00e86&status=ok",
    "cancel_return": "http:\/\/localhost\/boxbilling\/index.php?_url=\/invoice\/2d532a8de902a87d58527f3593c5ea33cad00e86&status=cancel",
    "notify_url": "http:\/\/localhost\/boxbilling\/bb-ipn.php?bb_gateway_id=5&bb_invoice_id=32",
    "business": "tech88oky@gmail.com",
    "cmd": "_xclick-subscriptions",
    "rm": "2",
    "invoice_id": "32",
    "a3": "11.99",
    "p3": 1,
    "t3": "Y",
    "src": 1,
    "sra": 1,
    "charset": "UTF-8",
    "address1": "demo demo",
    "city": "demo",
    "email": "client2@domain.com",
    "first_name": "Client",
    "last_name": "2",
    "zip": "5100",
    "state": "demo",
    "bn": "BoxBilling_SP"
}